mode: set
github.com/kaminocorp/lumber/internal/output/async/async.go:22.35,23.24 1 1
github.com/kaminocorp/lumber/internal/output/async/async.go:23.24,23.41 1 1
github.com/kaminocorp/lumber/internal/output/async/async.go:28.40,29.24 1 1
github.com/kaminocorp/lumber/internal/output/async/async.go:29.24,29.41 1 1
github.com/kaminocorp/lumber/internal/output/async/async.go:35.30,36.24 1 1
github.com/kaminocorp/lumber/internal/output/async/async.go:36.24,36.47 1 1
github.com/kaminocorp/lumber/internal/output/async/async.go:60.54,64.28 1 1
github.com/kaminocorp/lumber/internal/output/async/async.go:64.28,64.83 1 0
github.com/kaminocorp/lumber/internal/output/async/async.go:66.2,66.27 1 1
github.com/kaminocorp/lumber/internal/output/async/async.go:66.27,68.3 1 1
github.com/kaminocorp/lumber/internal/output/async/async.go:69.2,76.10 6 1
github.com/kaminocorp/lumber/internal/output/async/async.go:82.76,86.14 3 1
github.com/kaminocorp/lumber/internal/output/async/async.go:86.14,88.3 1 0
github.com/kaminocorp/lumber/internal/output/async/async.go:90.2,90.18 1 1
github.com/kaminocorp/lumber/internal/output/async/async.go:90.18,91.10 1 1
github.com/kaminocorp/lumber/internal/output/async/async.go:92.22,92.22 0 1
github.com/kaminocorp/lumber/internal/output/async/async.go:93.11,95.52 1 1
github.com/kaminocorp/lumber/internal/output/async/async.go:97.3,97.13 1 1
github.com/kaminocorp/lumber/internal/output/async/async.go:99.2,100.12 2 1
github.com/kaminocorp/lumber/internal/output/async/async.go:105.31,107.24 2 1
github.com/kaminocorp/lumber/internal/output/async/async.go:107.24,115.10 5 1
github.com/kaminocorp/lumber/internal/output/async/async.go:116.17,116.17 0 1
github.com/kaminocorp/lumber/internal/output/async/async.go:118.42,122.21 3 0
github.com/kaminocorp/lumber/internal/output/async/async.go:122.21,124.5 1 0
github.com/kaminocorp/lumber/internal/output/async/async.go:124.10,126.5 1 0
github.com/kaminocorp/lumber/internal/output/async/async.go:128.4,128.12 1 0
github.com/kaminocorp/lumber/internal/output/async/async.go:130.3,130.24 1 1
github.com/kaminocorp/lumber/internal/output/async/async.go:132.2,132.12 1 1
github.com/kaminocorp/lumber/internal/output/async/async.go:137.44,139.26 2 1
github.com/kaminocorp/lumber/internal/output/async/async.go:139.26,140.51 1 1
github.com/kaminocorp/lumber/internal/output/async/async.go:140.51,142.4 1 1
